{"/home/mikedruzhin/frontend-project-46/index.js": {"path":"/home/mikedruzhin/frontend-project-46/index.js","statementMap":{"0":{"start":{"line":6,"column":16},"end":{"line":34,"column":1}},"1":{"start":{"line":9,"column":2},"end":{"line":11,"column":3}},"2":{"start":{"line":10,"column":4},"end":{"line":10,"column":30}},"3":{"start":{"line":12,"column":2},"end":{"line":14,"column":3}},"4":{"start":{"line":13,"column":4},"end":{"line":13,"column":30}},"5":{"start":{"line":15,"column":2},"end":{"line":15,"column":75}},"6":{"start":{"line":16,"column":2},"end":{"line":16,"column":75}},"7":{"start":{"line":17,"column":15},"end":{"line":17,"column":69}},"8":{"start":{"line":18,"column":14},"end":{"line":32,"column":8}},"9":{"start":{"line":19,"column":4},"end":{"line":30,"column":5}},"10":{"start":{"line":20,"column":6},"end":{"line":20,"column":36}},"11":{"start":{"line":21,"column":11},"end":{"line":30,"column":5}},"12":{"start":{"line":22,"column":6},"end":{"line":27,"column":7}},"13":{"start":{"line":23,"column":8},"end":{"line":23,"column":38}},"14":{"start":{"line":25,"column":8},"end":{"line":25,"column":38}},"15":{"start":{"line":26,"column":8},"end":{"line":26,"column":38}},"16":{"start":{"line":29,"column":6},"end":{"line":29,"column":36}},"17":{"start":{"line":31,"column":4},"end":{"line":31,"column":15}},"18":{"start":{"line":33,"column":2},"end":{"line":33,"column":80}}},"fnMap":{"0":{"name":"(anonymous_0)","decl":{"start":{"line":6,"column":16},"end":{"line":6,"column":17}},"loc":{"start":{"line":6,"column":42},"end":{"line":34,"column":1}},"line":6},"1":{"name":"(anonymous_1)","decl":{"start":{"line":18,"column":26},"end":{"line":18,"column":27}},"loc":{"start":{"line":18,"column":40},"end":{"line":32,"column":3}},"line":18}},"branchMap":{"0":{"loc":{"start":{"line":9,"column":2},"end":{"line":11,"column":3}},"type":"if","locations":[{"start":{"line":9,"column":2},"end":{"line":11,"column":3}},{"start":{},"end":{}}],"line":9},"1":{"loc":{"start":{"line":12,"column":2},"end":{"line":14,"column":3}},"type":"if","locations":[{"start":{"line":12,"column":2},"end":{"line":14,"column":3}},{"start":{},"end":{}}],"line":12},"2":{"loc":{"start":{"line":19,"column":4},"end":{"line":30,"column":5}},"type":"if","locations":[{"start":{"line":19,"column":4},"end":{"line":30,"column":5}},{"start":{"line":21,"column":11},"end":{"line":30,"column":5}}],"line":19},"3":{"loc":{"start":{"line":21,"column":11},"end":{"line":30,"column":5}},"type":"if","locations":[{"start":{"line":21,"column":11},"end":{"line":30,"column":5}},{"start":{"line":28,"column":11},"end":{"line":30,"column":5}}],"line":21},"4":{"loc":{"start":{"line":21,"column":15},"end":{"line":21,"column":69}},"type":"binary-expr","locations":[{"start":{"line":21,"column":15},"end":{"line":21,"column":40}},{"start":{"line":21,"column":44},"end":{"line":21,"column":69}}],"line":21},"5":{"loc":{"start":{"line":22,"column":6},"end":{"line":27,"column":7}},"type":"if","locations":[{"start":{"line":22,"column":6},"end":{"line":27,"column":7}},{"start":{"line":24,"column":13},"end":{"line":27,"column":7}}],"line":22}},"s":{"0":1,"1":1,"2":0,"3":1,"4":0,"5":1,"6":1,"7":1,"8":1,"9":5,"10":2,"11":3,"12":2,"13":1,"14":1,"15":1,"16":1,"17":5,"18":1},"f":{"0":1,"1":5},"b":{"0":[0,1],"1":[0,1],"2":[2,3],"3":[2,1],"4":[3,2],"5":[1,1]},"_coverageSchema":"1a1c01bbd47fc00a2c39e90264f33305004495a9","hash":"62c80583d4105608790a4493667ec1d832b3818e"}
,"/home/mikedruzhin/frontend-project-46/readfiles.js": {"path":"/home/mikedruzhin/frontend-project-46/readfiles.js","statementMap":{"0":{"start":{"line":4,"column":15},"end":{"line":8,"column":1}},"1":{"start":{"line":5,"column":15},"end":{"line":5,"column":42}},"2":{"start":{"line":6,"column":20},"end":{"line":6,"column":36}},"3":{"start":{"line":7,"column":2},"end":{"line":7,"column":58}}},"fnMap":{"0":{"name":"(anonymous_0)","decl":{"start":{"line":4,"column":15},"end":{"line":4,"column":16}},"loc":{"start":{"line":4,"column":25},"end":{"line":8,"column":1}},"line":4}},"branchMap":{},"s":{"0":1,"1":2,"2":2,"3":2},"f":{"0":2},"b":{},"_coverageSchema":"1a1c01bbd47fc00a2c39e90264f33305004495a9","hash":"d2aeaa166bcdae22faa4af47c501e82aaeb2f572"}
}
