{"/home/mikedruzhin/frontend-project-46/buildTree.js": {"path":"/home/mikedruzhin/frontend-project-46/buildTree.js","statementMap":{"0":{"start":{"line":3,"column":22},"end":{"line":49,"column":1}},"1":{"start":{"line":4,"column":16},"end":{"line":4,"column":34}},"2":{"start":{"line":5,"column":16},"end":{"line":5,"column":34}},"3":{"start":{"line":6,"column":15},"end":{"line":6,"column":43}},"4":{"start":{"line":7,"column":14},"end":{"line":47,"column":8}},"5":{"start":{"line":8,"column":4},"end":{"line":13,"column":5}},"6":{"start":{"line":9,"column":18},"end":{"line":9,"column":71}},"7":{"start":{"line":10,"column":6},"end":{"line":10,"column":31}},"8":{"start":{"line":11,"column":6},"end":{"line":11,"column":20}},"9":{"start":{"line":12,"column":6},"end":{"line":12,"column":17}},"10":{"start":{"line":14,"column":4},"end":{"line":26,"column":5}},"11":{"start":{"line":15,"column":21},"end":{"line":15,"column":31}},"12":{"start":{"line":16,"column":22},"end":{"line":16,"column":41}},"13":{"start":{"line":17,"column":23},"end":{"line":21,"column":12}},"14":{"start":{"line":18,"column":21},"end":{"line":18,"column":55}},"15":{"start":{"line":19,"column":8},"end":{"line":19,"column":24}},"16":{"start":{"line":20,"column":8},"end":{"line":20,"column":20}},"17":{"start":{"line":22,"column":18},"end":{"line":22,"column":42}},"18":{"start":{"line":23,"column":6},"end":{"line":23,"column":27}},"19":{"start":{"line":24,"column":6},"end":{"line":24,"column":20}},"20":{"start":{"line":25,"column":6},"end":{"line":25,"column":17}},"21":{"start":{"line":27,"column":16},"end":{"line":27,"column":42}},"22":{"start":{"line":28,"column":17},"end":{"line":28,"column":43}},"23":{"start":{"line":29,"column":4},"end":{"line":45,"column":5}},"24":{"start":{"line":30,"column":6},"end":{"line":30,"column":28}},"25":{"start":{"line":31,"column":6},"end":{"line":31,"column":21}},"26":{"start":{"line":32,"column":11},"end":{"line":45,"column":5}},"27":{"start":{"line":33,"column":6},"end":{"line":33,"column":29}},"28":{"start":{"line":34,"column":6},"end":{"line":34,"column":20}},"29":{"start":{"line":35,"column":11},"end":{"line":45,"column":5}},"30":{"start":{"line":36,"column":6},"end":{"line":44,"column":7}},"31":{"start":{"line":37,"column":8},"end":{"line":37,"column":34}},"32":{"start":{"line":38,"column":8},"end":{"line":38,"column":23}},"33":{"start":{"line":40,"column":8},"end":{"line":40,"column":31}},"34":{"start":{"line":41,"column":8},"end":{"line":41,"column":30}},"35":{"start":{"line":42,"column":8},"end":{"line":42,"column":22}},"36":{"start":{"line":43,"column":8},"end":{"line":43,"column":23}},"37":{"start":{"line":46,"column":4},"end":{"line":46,"column":15}},"38":{"start":{"line":48,"column":2},"end":{"line":48,"column":13}}},"fnMap":{"0":{"name":"(anonymous_0)","decl":{"start":{"line":3,"column":22},"end":{"line":3,"column":23}},"loc":{"start":{"line":3,"column":40},"end":{"line":49,"column":1}},"line":3},"1":{"name":"(anonymous_1)","decl":{"start":{"line":7,"column":26},"end":{"line":7,"column":27}},"loc":{"start":{"line":7,"column":40},"end":{"line":47,"column":3}},"line":7},"2":{"name":"(anonymous_2)","decl":{"start":{"line":17,"column":38},"end":{"line":17,"column":39}},"loc":{"start":{"line":17,"column":54},"end":{"line":21,"column":7}},"line":17}},"branchMap":{"0":{"loc":{"start":{"line":8,"column":4},"end":{"line":13,"column":5}},"type":"if","locations":[{"start":{"line":8,"column":4},"end":{"line":13,"column":5}},{"start":{},"end":{}}],"line":8},"1":{"loc":{"start":{"line":8,"column":8},"end":{"line":8,"column":56}},"type":"binary-expr","locations":[{"start":{"line":8,"column":8},"end":{"line":8,"column":30}},{"start":{"line":8,"column":34},"end":{"line":8,"column":56}}],"line":8},"2":{"loc":{"start":{"line":14,"column":4},"end":{"line":26,"column":5}},"type":"if","locations":[{"start":{"line":14,"column":4},"end":{"line":26,"column":5}},{"start":{},"end":{}}],"line":14},"3":{"loc":{"start":{"line":14,"column":8},"end":{"line":14,"column":57}},"type":"binary-expr","locations":[{"start":{"line":14,"column":8},"end":{"line":14,"column":31}},{"start":{"line":14,"column":35},"end":{"line":14,"column":57}}],"line":14},"4":{"loc":{"start":{"line":29,"column":4},"end":{"line":45,"column":5}},"type":"if","locations":[{"start":{"line":29,"column":4},"end":{"line":45,"column":5}},{"start":{"line":32,"column":11},"end":{"line":45,"column":5}}],"line":29},"5":{"loc":{"start":{"line":32,"column":11},"end":{"line":45,"column":5}},"type":"if","locations":[{"start":{"line":32,"column":11},"end":{"line":45,"column":5}},{"start":{"line":35,"column":11},"end":{"line":45,"column":5}}],"line":32},"6":{"loc":{"start":{"line":35,"column":11},"end":{"line":45,"column":5}},"type":"if","locations":[{"start":{"line":35,"column":11},"end":{"line":45,"column":5}},{"start":{},"end":{}}],"line":35},"7":{"loc":{"start":{"line":35,"column":15},"end":{"line":35,"column":69}},"type":"binary-expr","locations":[{"start":{"line":35,"column":15},"end":{"line":35,"column":40}},{"start":{"line":35,"column":44},"end":{"line":35,"column":69}}],"line":35},"8":{"loc":{"start":{"line":36,"column":6},"end":{"line":44,"column":7}},"type":"if","locations":[{"start":{"line":36,"column":6},"end":{"line":44,"column":7}},{"start":{"line":39,"column":13},"end":{"line":44,"column":7}}],"line":36}},"s":{"0":1,"1":4,"2":4,"3":4,"4":4,"5":14,"6":2,"7":2,"8":2,"9":2,"10":12,"11":1,"12":1,"13":1,"14":2,"15":2,"16":2,"17":1,"18":1,"19":1,"20":1,"21":11,"22":11,"23":11,"24":2,"25":2,"26":9,"27":3,"28":3,"29":6,"30":6,"31":4,"32":4,"33":2,"34":2,"35":2,"36":2,"37":11,"38":4},"f":{"0":4,"1":14,"2":2},"b":{"0":[2,12],"1":[14,2],"2":[1,11],"3":[12,12],"4":[2,9],"5":[3,6],"6":[6,0],"7":[6,6],"8":[4,2]},"_coverageSchema":"1a1c01bbd47fc00a2c39e90264f33305004495a9","hash":"5b9b05fe74c29a3cf20c1f370f5ad6d9b46b4429"}
,"/home/mikedruzhin/frontend-project-46/parser.js": {"path":"/home/mikedruzhin/frontend-project-46/parser.js","statementMap":{"0":{"start":{"line":7,"column":22},"end":{"line":21,"column":1}},"1":{"start":{"line":9,"column":2},"end":{"line":11,"column":3}},"2":{"start":{"line":10,"column":4},"end":{"line":10,"column":20}},"3":{"start":{"line":12,"column":2},"end":{"line":12,"column":65}},"4":{"start":{"line":13,"column":15},"end":{"line":13,"column":49}},"5":{"start":{"line":14,"column":17},"end":{"line":14,"column":39}},"6":{"start":{"line":15,"column":2},"end":{"line":20,"column":3}},"7":{"start":{"line":17,"column":6},"end":{"line":17,"column":30}},"8":{"start":{"line":19,"column":6},"end":{"line":19,"column":74}}},"fnMap":{"0":{"name":"(anonymous_0)","decl":{"start":{"line":7,"column":22},"end":{"line":7,"column":23}},"loc":{"start":{"line":7,"column":32},"end":{"line":21,"column":1}},"line":7}},"branchMap":{"0":{"loc":{"start":{"line":9,"column":2},"end":{"line":11,"column":3}},"type":"if","locations":[{"start":{"line":9,"column":2},"end":{"line":11,"column":3}},{"start":{},"end":{}}],"line":9},"1":{"loc":{"start":{"line":15,"column":2},"end":{"line":20,"column":3}},"type":"switch","locations":[{"start":{"line":16,"column":4},"end":{"line":17,"column":30}},{"start":{"line":18,"column":4},"end":{"line":19,"column":74}}],"line":15}},"s":{"0":1,"1":4,"2":0,"3":4,"4":4,"5":4,"6":4,"7":2,"8":2},"f":{"0":4},"b":{"0":[0,4],"1":[2,2]},"_coverageSchema":"1a1c01bbd47fc00a2c39e90264f33305004495a9","hash":"dedf38fa04269a4f14d533f3f29fdfc3481a569c"}
,"/home/mikedruzhin/frontend-project-46/src/index.js": {"path":"/home/mikedruzhin/frontend-project-46/src/index.js","statementMap":{"0":{"start":{"line":5,"column":16},"end":{"line":54,"column":1}},"1":{"start":{"line":6,"column":16},"end":{"line":6,"column":40}},"2":{"start":{"line":7,"column":16},"end":{"line":7,"column":40}},"3":{"start":{"line":8,"column":19},"end":{"line":8,"column":46}},"4":{"start":{"line":10,"column":20},"end":{"line":52,"column":3}},"5":{"start":{"line":11,"column":16},"end":{"line":11,"column":21}},"6":{"start":{"line":12,"column":17},"end":{"line":12,"column":22}},"7":{"start":{"line":13,"column":18},"end":{"line":13,"column":23}},"8":{"start":{"line":14,"column":17},"end":{"line":50,"column":5}},"9":{"start":{"line":15,"column":22},"end":{"line":48,"column":8}},"10":{"start":{"line":16,"column":21},"end":{"line":16,"column":38}},"11":{"start":{"line":17,"column":21},"end":{"line":17,"column":42}},"12":{"start":{"line":18,"column":8},"end":{"line":39,"column":9}},"13":{"start":{"line":19,"column":10},"end":{"line":21,"column":11}},"14":{"start":{"line":20,"column":12},"end":{"line":20,"column":61}},"15":{"start":{"line":22,"column":10},"end":{"line":38,"column":11}},"16":{"start":{"line":24,"column":14},"end":{"line":26,"column":15}},"17":{"start":{"line":25,"column":16},"end":{"line":25,"column":65}},"18":{"start":{"line":27,"column":14},"end":{"line":27,"column":63}},"19":{"start":{"line":29,"column":14},"end":{"line":31,"column":15}},"20":{"start":{"line":30,"column":16},"end":{"line":30,"column":66}},"21":{"start":{"line":32,"column":14},"end":{"line":32,"column":64}},"22":{"start":{"line":34,"column":14},"end":{"line":36,"column":15}},"23":{"start":{"line":35,"column":16},"end":{"line":35,"column":67}},"24":{"start":{"line":37,"column":14},"end":{"line":37,"column":65}},"25":{"start":{"line":40,"column":8},"end":{"line":47,"column":9}},"26":{"start":{"line":42,"column":12},"end":{"line":42,"column":84}},"27":{"start":{"line":44,"column":12},"end":{"line":44,"column":85}},"28":{"start":{"line":46,"column":12},"end":{"line":46,"column":86}},"29":{"start":{"line":49,"column":6},"end":{"line":49,"column":32}},"30":{"start":{"line":51,"column":4},"end":{"line":51,"column":40}},"31":{"start":{"line":53,"column":2},"end":{"line":53,"column":29}}},"fnMap":{"0":{"name":"(anonymous_0)","decl":{"start":{"line":5,"column":16},"end":{"line":5,"column":17}},"loc":{"start":{"line":5,"column":42},"end":{"line":54,"column":1}},"line":5},"1":{"name":"(anonymous_1)","decl":{"start":{"line":10,"column":20},"end":{"line":10,"column":21}},"loc":{"start":{"line":10,"column":34},"end":{"line":52,"column":3}},"line":10},"2":{"name":"(anonymous_2)","decl":{"start":{"line":14,"column":17},"end":{"line":14,"column":18}},"loc":{"start":{"line":14,"column":34},"end":{"line":50,"column":5}},"line":14},"3":{"name":"(anonymous_3)","decl":{"start":{"line":15,"column":31},"end":{"line":15,"column":32}},"loc":{"start":{"line":15,"column":41},"end":{"line":48,"column":7}},"line":15}},"branchMap":{"0":{"loc":{"start":{"line":18,"column":8},"end":{"line":39,"column":9}},"type":"if","locations":[{"start":{"line":18,"column":8},"end":{"line":39,"column":9}},{"start":{},"end":{}}],"line":18},"1":{"loc":{"start":{"line":19,"column":10},"end":{"line":21,"column":11}},"type":"if","locations":[{"start":{"line":19,"column":10},"end":{"line":21,"column":11}},{"start":{},"end":{}}],"line":19},"2":{"loc":{"start":{"line":22,"column":10},"end":{"line":38,"column":11}},"type":"switch","locations":[{"start":{"line":23,"column":12},"end":{"line":27,"column":63}},{"start":{"line":28,"column":12},"end":{"line":32,"column":64}},{"start":{"line":33,"column":12},"end":{"line":37,"column":65}}],"line":22},"3":{"loc":{"start":{"line":24,"column":14},"end":{"line":26,"column":15}},"type":"if","locations":[{"start":{"line":24,"column":14},"end":{"line":26,"column":15}},{"start":{},"end":{}}],"line":24},"4":{"loc":{"start":{"line":29,"column":14},"end":{"line":31,"column":15}},"type":"if","locations":[{"start":{"line":29,"column":14},"end":{"line":31,"column":15}},{"start":{},"end":{}}],"line":29},"5":{"loc":{"start":{"line":34,"column":14},"end":{"line":36,"column":15}},"type":"if","locations":[{"start":{"line":34,"column":14},"end":{"line":36,"column":15}},{"start":{},"end":{}}],"line":34},"6":{"loc":{"start":{"line":40,"column":8},"end":{"line":47,"column":9}},"type":"switch","locations":[{"start":{"line":41,"column":10},"end":{"line":42,"column":84}},{"start":{"line":43,"column":10},"end":{"line":44,"column":85}},{"start":{"line":45,"column":10},"end":{"line":46,"column":86}}],"line":40}},"s":{"0":1,"1":2,"2":2,"3":2,"4":2,"5":2,"6":2,"7":2,"8":2,"9":5,"10":18,"11":18,"12":18,"13":15,"14":2,"15":13,"16":4,"17":2,"18":2,"19":4,"20":3,"21":1,"22":5,"23":3,"24":2,"25":3,"26":2,"27":1,"28":0,"29":5,"30":2,"31":2},"f":{"0":2,"1":2,"2":5,"3":18},"b":{"0":[15,3],"1":[2,13],"2":[4,4,5],"3":[2,2],"4":[3,1],"5":[3,2],"6":[2,1,0]},"_coverageSchema":"1a1c01bbd47fc00a2c39e90264f33305004495a9","hash":"49f95c5a080c05265472c7fd096b27a01e391eeb"}
}
