TN:
SF:buildTree.js
FN:3,(anonymous_0)
FN:7,(anonymous_1)
FN:17,(anonymous_2)
FNF:3
FNH:3
FNDA:4,(anonymous_0)
FNDA:14,(anonymous_1)
FNDA:2,(anonymous_2)
DA:3,1
DA:4,4
DA:5,4
DA:6,4
DA:7,4
DA:8,14
DA:9,2
DA:10,2
DA:11,2
DA:12,2
DA:14,12
DA:15,1
DA:16,1
DA:17,1
DA:18,2
DA:19,2
DA:20,2
DA:22,1
DA:23,1
DA:24,1
DA:25,1
DA:27,11
DA:28,11
DA:29,11
DA:30,2
DA:31,2
DA:32,9
DA:33,3
DA:34,3
DA:35,6
DA:36,6
DA:37,4
DA:38,4
DA:40,2
DA:41,2
DA:42,2
DA:43,2
DA:46,11
DA:48,4
LF:39
LH:39
BRDA:8,0,0,2
BRDA:8,0,1,12
BRDA:8,1,0,14
BRDA:8,1,1,2
BRDA:14,2,0,1
BRDA:14,2,1,11
BRDA:14,3,0,12
BRDA:14,3,1,12
BRDA:29,4,0,2
BRDA:29,4,1,9
BRDA:32,5,0,3
BRDA:32,5,1,6
BRDA:35,6,0,6
BRDA:35,6,1,0
BRDA:35,7,0,6
BRDA:35,7,1,6
BRDA:36,8,0,4
BRDA:36,8,1,2
BRF:18
BRH:17
end_of_record
TN:
SF:parser.js
FN:7,(anonymous_0)
FNF:1
FNH:1
FNDA:4,(anonymous_0)
DA:7,1
DA:9,4
DA:10,0
DA:12,4
DA:13,4
DA:14,4
DA:15,4
DA:17,2
DA:19,2
LF:9
LH:8
BRDA:9,0,0,0
BRDA:9,0,1,4
BRDA:15,1,0,2
BRDA:15,1,1,2
BRF:4
BRH:3
end_of_record
TN:
SF:src/index.js
FN:5,(anonymous_0)
FN:10,(anonymous_1)
FN:14,(anonymous_2)
FN:15,(anonymous_3)
FNF:4
FNH:4
FNDA:2,(anonymous_0)
FNDA:2,(anonymous_1)
FNDA:5,(anonymous_2)
FNDA:18,(anonymous_3)
DA:5,1
DA:6,2
DA:7,2
DA:8,2
DA:10,2
DA:11,2
DA:12,2
DA:13,2
DA:14,2
DA:15,5
DA:16,18
DA:17,18
DA:18,18
DA:19,15
DA:20,2
DA:22,13
DA:24,4
DA:25,2
DA:27,2
DA:29,4
DA:30,3
DA:32,1
DA:34,5
DA:35,3
DA:37,2
DA:40,3
DA:42,2
DA:44,1
DA:46,0
DA:49,5
DA:51,2
DA:53,2
LF:32
LH:31
BRDA:18,0,0,15
BRDA:18,0,1,3
BRDA:19,1,0,2
BRDA:19,1,1,13
BRDA:22,2,0,4
BRDA:22,2,1,4
BRDA:22,2,2,5
BRDA:24,3,0,2
BRDA:24,3,1,2
BRDA:29,4,0,3
BRDA:29,4,1,1
BRDA:34,5,0,3
BRDA:34,5,1,2
BRDA:40,6,0,2
BRDA:40,6,1,1
BRDA:40,6,2,0
BRF:16
BRH:15
end_of_record
