TN:
SF:index.js
FN:6,(anonymous_0)
FN:18,(anonymous_1)
FNF:2
FNH:2
FNDA:1,(anonymous_0)
FNDA:5,(anonymous_1)
DA:6,1
DA:9,1
DA:10,0
DA:12,1
DA:13,0
DA:15,1
DA:16,1
DA:17,1
DA:18,1
DA:19,5
DA:20,2
DA:21,3
DA:22,2
DA:23,1
DA:25,1
DA:26,1
DA:29,1
DA:31,5
DA:33,1
LF:19
LH:17
BRDA:9,0,0,0
BRDA:9,0,1,1
BRDA:12,1,0,0
BRDA:12,1,1,1
BRDA:19,2,0,2
BRDA:19,2,1,3
BRDA:21,3,0,2
BRDA:21,3,1,1
BRDA:21,4,0,3
BRDA:21,4,1,2
BRDA:22,5,0,1
BRDA:22,5,1,1
BRF:12
BRH:10
end_of_record
TN:
SF:readfiles.js
FN:4,(anonymous_0)
FNF:1
FNH:1
FNDA:2,(anonymous_0)
DA:4,1
DA:5,2
DA:6,2
DA:7,2
LF:4
LH:4
BRF:0
BRH:0
end_of_record
